mode: set
github.com/GeovaneCavalcante/rate-limit-api/internal/infra/web/handlers/health.go:12.40,14.2 1 1
github.com/GeovaneCavalcante/rate-limit-api/internal/infra/web/handlers/health.go:16.79,21.2 4 1
github.com/GeovaneCavalcante/rate-limit-api/internal/infra/web/middlewares/ratelimit.go:18.112,24.2 1 1
github.com/GeovaneCavalcante/rate-limit-api/internal/infra/web/middlewares/ratelimit.go:26.67,27.71 1 1
github.com/GeovaneCavalcante/rate-limit-api/internal/infra/web/middlewares/ratelimit.go:27.71,30.18 2 1
github.com/GeovaneCavalcante/rate-limit-api/internal/infra/web/middlewares/ratelimit.go:30.18,36.4 5 1
github.com/GeovaneCavalcante/rate-limit-api/internal/infra/web/middlewares/ratelimit.go:38.3,39.26 2 1
github.com/GeovaneCavalcante/rate-limit-api/internal/infra/web/middlewares/ratelimit.go:39.26,45.4 5 1
github.com/GeovaneCavalcante/rate-limit-api/internal/infra/web/middlewares/ratelimit.go:46.3,47.17 2 1
github.com/GeovaneCavalcante/rate-limit-api/internal/infra/web/middlewares/ratelimit.go:47.17,53.4 5 1
github.com/GeovaneCavalcante/rate-limit-api/internal/infra/web/middlewares/ratelimit.go:54.3,56.17 3 1
github.com/GeovaneCavalcante/rate-limit-api/internal/infra/web/middlewares/ratelimit.go:56.17,62.4 5 1
github.com/GeovaneCavalcante/rate-limit-api/internal/infra/web/middlewares/ratelimit.go:64.3,64.32 1 1
github.com/GeovaneCavalcante/rate-limit-api/internal/infra/web/middlewares/ratelimit.go:64.32,70.4 5 1
github.com/GeovaneCavalcante/rate-limit-api/internal/infra/web/middlewares/ratelimit.go:72.3,72.19 1 1
github.com/GeovaneCavalcante/rate-limit-api/internal/infra/web/middlewares/ratelimit.go:72.19,78.4 5 1
github.com/GeovaneCavalcante/rate-limit-api/internal/infra/web/middlewares/ratelimit.go:80.3,80.23 1 1
github.com/GeovaneCavalcante/rate-limit-api/internal/infra/web/middlewares/ratelimit.go:84.88,85.23 1 1
github.com/GeovaneCavalcante/rate-limit-api/internal/infra/web/middlewares/ratelimit.go:85.23,86.23 1 1
github.com/GeovaneCavalcante/rate-limit-api/internal/infra/web/middlewares/ratelimit.go:86.23,92.4 1 1
github.com/GeovaneCavalcante/rate-limit-api/internal/infra/web/middlewares/ratelimit.go:95.2,95.12 1 1
github.com/GeovaneCavalcante/rate-limit-api/internal/infra/web/middlewares/ratelimit.go:98.36,100.21 2 1
github.com/GeovaneCavalcante/rate-limit-api/internal/infra/web/middlewares/ratelimit.go:100.21,102.3 1 1
github.com/GeovaneCavalcante/rate-limit-api/internal/infra/web/middlewares/ratelimit.go:104.2,104.21 1 1
github.com/GeovaneCavalcante/rate-limit-api/pkg/ratelimit/ratelimit.go:31.101,37.2 1 1
github.com/GeovaneCavalcante/rate-limit-api/pkg/ratelimit/ratelimit.go:39.121,41.16 2 1
github.com/GeovaneCavalcante/rate-limit-api/pkg/ratelimit/ratelimit.go:41.16,43.3 1 1
github.com/GeovaneCavalcante/rate-limit-api/pkg/ratelimit/ratelimit.go:44.2,44.19 1 1
github.com/GeovaneCavalcante/rate-limit-api/pkg/ratelimit/ratelimit.go:47.124,49.16 2 1
github.com/GeovaneCavalcante/rate-limit-api/pkg/ratelimit/ratelimit.go:49.16,51.3 1 1
github.com/GeovaneCavalcante/rate-limit-api/pkg/ratelimit/ratelimit.go:52.2,52.27 1 1
github.com/GeovaneCavalcante/rate-limit-api/pkg/ratelimit/ratelimit.go:52.27,54.3 1 1
github.com/GeovaneCavalcante/rate-limit-api/pkg/ratelimit/ratelimit.go:56.2,58.54 2 1
github.com/GeovaneCavalcante/rate-limit-api/pkg/ratelimit/ratelimit.go:58.54,60.17 2 1
github.com/GeovaneCavalcante/rate-limit-api/pkg/ratelimit/ratelimit.go:60.17,62.4 1 1
github.com/GeovaneCavalcante/rate-limit-api/pkg/ratelimit/ratelimit.go:65.2,65.12 1 1
github.com/GeovaneCavalcante/rate-limit-api/pkg/ratelimit/ratelimit.go:68.89,78.16 5 1
github.com/GeovaneCavalcante/rate-limit-api/pkg/ratelimit/ratelimit.go:78.16,80.3 1 1
github.com/GeovaneCavalcante/rate-limit-api/pkg/ratelimit/ratelimit.go:82.2,82.12 1 1
github.com/GeovaneCavalcante/rate-limit-api/pkg/ratelimit/ratelimit.go:85.93,89.71 2 1
github.com/GeovaneCavalcante/rate-limit-api/pkg/ratelimit/ratelimit.go:89.71,89.93 1 1
github.com/GeovaneCavalcante/rate-limit-api/pkg/ratelimit/ratelimit.go:90.2,90.77 1 1
github.com/GeovaneCavalcante/rate-limit-api/pkg/ratelimit/ratelimit.go:90.77,90.103 1 1
github.com/GeovaneCavalcante/rate-limit-api/pkg/ratelimit/ratelimit.go:91.2,91.79 1 1
github.com/GeovaneCavalcante/rate-limit-api/pkg/ratelimit/ratelimit.go:91.79,91.106 1 1
github.com/GeovaneCavalcante/rate-limit-api/pkg/ratelimit/ratelimit.go:93.2,97.16 3 1
github.com/GeovaneCavalcante/rate-limit-api/pkg/ratelimit/ratelimit.go:97.16,99.3 1 1
github.com/GeovaneCavalcante/rate-limit-api/pkg/ratelimit/ratelimit.go:101.2,101.23 1 1
github.com/GeovaneCavalcante/rate-limit-api/pkg/ratelimit/ratelimit.go:101.23,103.17 2 1
github.com/GeovaneCavalcante/rate-limit-api/pkg/ratelimit/ratelimit.go:103.17,105.4 1 1
github.com/GeovaneCavalcante/rate-limit-api/pkg/ratelimit/ratelimit.go:106.3,106.20 1 1
github.com/GeovaneCavalcante/rate-limit-api/pkg/ratelimit/ratelimit.go:109.2,111.16 2 1
github.com/GeovaneCavalcante/rate-limit-api/pkg/ratelimit/ratelimit.go:111.16,113.3 1 1
github.com/GeovaneCavalcante/rate-limit-api/pkg/ratelimit/ratelimit.go:114.2,114.18 1 1
github.com/GeovaneCavalcante/rate-limit-api/pkg/ratelimit/ratelimit.go:117.94,118.16 1 1
github.com/GeovaneCavalcante/rate-limit-api/pkg/ratelimit/ratelimit.go:118.16,120.19 2 1
github.com/GeovaneCavalcante/rate-limit-api/pkg/ratelimit/ratelimit.go:120.19,122.4 1 1
github.com/GeovaneCavalcante/rate-limit-api/pkg/ratelimit/ratelimit.go:124.2,124.19 1 1
github.com/GeovaneCavalcante/rate-limit-api/pkg/ratelimit/ratelimit.go:127.90,128.16 1 1
github.com/GeovaneCavalcante/rate-limit-api/pkg/ratelimit/ratelimit.go:128.16,130.18 2 1
github.com/GeovaneCavalcante/rate-limit-api/pkg/ratelimit/ratelimit.go:130.18,132.4 1 1
github.com/GeovaneCavalcante/rate-limit-api/pkg/ratelimit/ratelimit.go:134.2,134.19 1 1
